--- Copying files at Thu Nov 16 13:43:32 UTC 2017
INSTALLED init.groovy.d/tcp-slave-agent-port.groovy
INSTALLED plugins/blueocean-git-pipeline.jpi : 1.3.3
INSTALLED plugins/blueocean-autofavorite.jpi : 1.1.0
INSTALLED plugins/pipeline-model-definition.jpi : 1.2.4
INSTALLED plugins/pipeline-build-step.jpi : 2.5.1
INSTALLED plugins/pipeline-stage-tags-metadata.jpi : 1.2.4
INSTALLED plugins/variant.jpi : 1.1
INSTALLED plugins/junit.jpi : 1.22.2
INSTALLED plugins/blueocean-pipeline-editor.jpi : 1.3.3
INSTALLED plugins/blueocean-config.jpi : 1.3.3
INSTALLED plugins/workflow-durable-task-step.jpi : 2.17
INSTALLED plugins/pipeline-input-step.jpi : 2.8
INSTALLED plugins/blueocean-jira.jpi : 1.3.3
INSTALLED plugins/plain-credentials.jpi : 1.4
INSTALLED plugins/blueocean.jpi : 1.3.3
INSTALLED plugins/htmlpublisher.jpi : 1.14
INSTALLED plugins/pipeline-graph-analysis.jpi : 1.5
INSTALLED plugins/token-macro.jpi : 2.3
INSTALLED plugins/matrix-auth.jpi : 2.2
INSTALLED plugins/blueocean-rest.jpi : 1.3.3
INSTALLED plugins/blueocean-bitbucket-pipeline.jpi : 1.3.3
INSTALLED plugins/credentials.jpi : 2.1.16
INSTALLED plugins/durable-task.jpi : 1.16
INSTALLED plugins/cloudbees-folder.jpi : 6.2.1
INSTALLED plugins/blueocean-pipeline-api-impl.jpi : 1.3.3
INSTALLED plugins/mercurial.jpi : 2.2
INSTALLED plugins/cloudbees-bitbucket-branch-source.jpi : 2.2.7
INSTALLED plugins/git-server.jpi : 1.7
INSTALLED plugins/workflow-cps-global-lib.jpi : 2.9
INSTALLED plugins/git.jpi : 3.6.4
INSTALLED plugins/blueocean-i18n.jpi : 1.3.3
INSTALLED plugins/blueocean-pipeline-scm-api.jpi : 1.3.3
INSTALLED plugins/structs.jpi : 1.10
INSTALLED plugins/blueocean-personalization.jpi : 1.3.3
INSTALLED plugins/apache-httpcomponents-client-4-api.jpi : 4.5.3-2.0
INSTALLED plugins/jira.jpi : 2.5
INSTALLED plugins/jquery-detached.jpi : 1.2.1
INSTALLED plugins/antisamy-markup-formatter.jpi : 1.5
INSTALLED plugins/blueocean-display-url.jpi : 2.1.1
INSTALLED plugins/display-url-api.jpi : 2.1.0
INSTALLED plugins/credentials-binding.jpi : 1.13
INSTALLED plugins/pipeline-model-api.jpi : 1.2.4
INSTALLED plugins/pubsub-light.jpi : 1.12
INSTALLED plugins/workflow-basic-steps.jpi : 2.6
INSTALLED plugins/docker-workflow.jpi : 1.14
INSTALLED plugins/blueocean-web.jpi : 1.3.3
INSTALLED plugins/blueocean-rest-impl.jpi : 1.3.3
INSTALLED plugins/github-branch-source.jpi : 2.3.1
INSTALLED plugins/workflow-support.jpi : 2.16
INSTALLED plugins/script-security.jpi : 1.35
INSTALLED plugins/workflow-job.jpi : 2.11.1
INSTALLED plugins/favorite.jpi : 2.3.1
INSTALLED plugins/github.jpi : 1.28.1
INSTALLED plugins/branch-api.jpi : 2.0.15
INSTALLED plugins/git-client.jpi : 2.6.0
INSTALLED plugins/authentication-tokens.jpi : 1.3
INSTALLED plugins/blueocean-jwt.jpi : 1.3.3
INSTALLED plugins/workflow-cps.jpi : 2.41
INSTALLED plugins/jsch.jpi : 0.1.54.1
INSTALLED plugins/pipeline-model-extensions.jpi : 1.2.4
INSTALLED plugins/docker-commons.jpi : 1.9
INSTALLED plugins/scm-api.jpi : 2.2.5
INSTALLED plugins/github-api.jpi : 1.90
INSTALLED plugins/ssh-credentials.jpi : 1.13
INSTALLED plugins/sse-gateway.jpi : 1.15
INSTALLED plugins/matrix-project.jpi : 1.12
INSTALLED plugins/workflow-multibranch.jpi : 2.16
INSTALLED plugins/blueocean-github-pipeline.jpi : 1.3.3
INSTALLED plugins/pipeline-stage-step.jpi : 2.3
INSTALLED plugins/workflow-api.jpi : 2.23.1
INSTALLED plugins/pipeline-milestone-step.jpi : 1.3.1
INSTALLED plugins/blueocean-dashboard.jpi : 1.3.3
INSTALLED plugins/ace-editor.jpi : 1.1
INSTALLED plugins/workflow-scm-step.jpi : 2.6
INSTALLED plugins/blueocean-commons.jpi : 1.3.3
INSTALLED plugins/blueocean-events.jpi : 1.3.3
INSTALLED plugins/pipeline-model-declarative-agent.jpi : 1.1.1
INSTALLED plugins/mailer.jpi : 1.20
INSTALLED plugins/jackson2-api.jpi : 2.8.7.0
INSTALLED plugins/workflow-step-api.jpi : 2.13
--- Copying files at Thu Nov 16 13:44:49 UTC 2017
--- Copying files at Thu Nov 16 13:57:34 UTC 2017
--- Copying files at Thu Nov 16 13:57:41 UTC 2017
--- Copying files at Thu Nov 16 15:37:21 UTC 2017
SKIPPED plugins/workflow-job.jpi : Installed version (2.15) has been manually upgraded from initial version (2.11.1)
--- Copying files at Thu Nov 16 15:48:41 UTC 2017
SKIPPED plugins/workflow-job.jpi : Installed version (2.15) has been manually upgraded from initial version (2.11.1)
--- Copying files at Mon Nov 20 05:26:47 UTC 2017
SKIPPED plugins/workflow-job.jpi : Installed version (2.15) has been manually upgraded from initial version (2.11.1)
--- Copying files at Mon Nov 20 09:48:00 UTC 2017
SKIPPED plugins/workflow-job.jpi : Installed version (2.15) has been manually upgraded from initial version (2.11.1)
--- Copying files at Tue Nov 21 04:42:08 UTC 2017
SKIPPED plugins/workflow-job.jpi : Installed version (2.15) has been manually upgraded from initial version (2.11.1)
--- Copying files at Tue Nov 21 04:57:09 UTC 2017
SKIPPED plugins/workflow-job.jpi : Installed version (2.15) has been manually upgraded from initial version (2.11.1)
--- Copying files at Mon May 21 10:16:22 UTC 2018
UPGRADED plugins/durable-task.jpi : Image version (1.22) is newer than installed version (1.16)
UPGRADED plugins/blueocean-web.jpi : Image version (1.5.0) is newer than installed version (1.3.3)
UPGRADED plugins/blueocean-dashboard.jpi : Image version (1.5.0) is newer than installed version (1.3.3)
UPGRADED plugins/apache-httpcomponents-client-4-api.jpi : Image version (4.5.5-2.0) is newer than installed version (4.5.3-2.0)
UPGRADED plugins/blueocean-personalization.jpi : Image version (1.5.0) is newer than installed version (1.3.3)
UPGRADED plugins/mailer.jpi : Image version (1.21) is newer than installed version (1.20)
INSTALLED plugins/jenkins-design-language.jpi : 1.5.0
UPGRADED plugins/matrix-project.jpi : Image version (1.13) is newer than installed version (1.12)
INSTALLED plugins/handy-uri-templates-2-api.jpi : 2.1.6-1.0
UPGRADED plugins/docker-commons.jpi : Image version (1.13) is newer than installed version (1.9)
UPGRADED plugins/token-macro.jpi : Image version (2.5) is newer than installed version (2.3)
UPGRADED plugins/script-security.jpi : Image version (1.44) is newer than installed version (1.35)
UPGRADED plugins/cloudbees-folder.jpi : Image version (6.4) is newer than installed version (6.2.1)
UPGRADED plugins/credentials-binding.jpi : Image version (1.16) is newer than installed version (1.13)
UPGRADED plugins/pipeline-graph-analysis.jpi : Image version (1.6) is newer than installed version (1.5)
UPGRADED plugins/git-client.jpi : Image version (2.7.2) is newer than installed version (2.6.0)
UPGRADED plugins/blueocean.jpi : Image version (1.5.0) is newer than installed version (1.3.3)
UPGRADED plugins/cloudbees-bitbucket-branch-source.jpi : Image version (2.2.11) is newer than installed version (2.2.7)
UPGRADED plugins/blueocean-jwt.jpi : Image version (1.5.0) is newer than installed version (1.3.3)
UPGRADED plugins/blueocean-display-url.jpi : Image version (2.2.0) is newer than installed version (2.1.1)
UPGRADED plugins/blueocean-bitbucket-pipeline.jpi : Image version (1.5.0) is newer than installed version (1.3.3)
UPGRADED plugins/git.jpi : Image version (3.9.0) is newer than installed version (3.6.4)
UPGRADED plugins/junit.jpi : Image version (1.24) is newer than installed version (1.22.2)
UPGRADED plugins/pipeline-model-extensions.jpi : Image version (1.2.9) is newer than installed version (1.2.4)
UPGRADED plugins/blueocean-commons.jpi : Image version (1.5.0) is newer than installed version (1.3.3)
UPGRADED plugins/scm-api.jpi : Image version (2.2.7) is newer than installed version (2.2.5)
UPGRADED plugins/branch-api.jpi : Image version (2.0.20) is newer than installed version (2.0.15)
UPGRADED plugins/workflow-durable-task-step.jpi : Image version (2.19) is newer than installed version (2.17)
UPGRADED plugins/blueocean-rest-impl.jpi : Image version (1.5.0) is newer than installed version (1.3.3)
UPGRADED plugins/blueocean-git-pipeline.jpi : Image version (1.5.0) is newer than installed version (1.3.3)
UPGRADED plugins/github.jpi : Image version (1.29.0) is newer than installed version (1.28.1)
UPGRADED plugins/blueocean-pipeline-editor.jpi : Image version (1.5.0) is newer than installed version (1.3.3)
UPGRADED plugins/blueocean-config.jpi : Image version (1.5.0) is newer than installed version (1.3.3)
UPGRADED plugins/structs.jpi : Image version (1.14) is newer than installed version (1.10)
UPGRADED plugins/workflow-cps.jpi : Image version (2.53) is newer than installed version (2.41)
UPGRADED plugins/jira.jpi : Image version (2.5.2) is newer than installed version (2.5)
SKIPPED plugins/workflow-job.jpi : Installed version (2.15) has been manually upgraded from initial version (2.11.1)
UPGRADED plugins/pipeline-model-definition.jpi : Image version (1.2.9) is newer than installed version (1.2.4)
UPGRADED plugins/pipeline-build-step.jpi : Image version (2.7) is newer than installed version (2.5.1)
UPGRADED plugins/workflow-step-api.jpi : Image version (2.15) is newer than installed version (2.13)
UPGRADED plugins/jsch.jpi : Image version (0.1.54.2) is newer than installed version (0.1.54.1)
UPGRADED plugins/blueocean-events.jpi : Image version (1.5.0) is newer than installed version (1.3.3)
UPGRADED plugins/jackson2-api.jpi : Image version (2.8.11.2) is newer than installed version (2.8.7.0)
UPGRADED plugins/blueocean-i18n.jpi : Image version (1.5.0) is newer than installed version (1.3.3)
UPGRADED plugins/htmlpublisher.jpi : Image version (1.16) is newer than installed version (1.14)
UPGRADED plugins/workflow-api.jpi : Image version (2.27) is newer than installed version (2.23.1)
UPGRADED plugins/pipeline-stage-tags-metadata.jpi : Image version (1.2.9) is newer than installed version (1.2.4)
UPGRADED plugins/display-url-api.jpi : Image version (2.2.0) is newer than installed version (2.1.0)
UPGRADED plugins/blueocean-pipeline-scm-api.jpi : Image version (1.5.0) is newer than installed version (1.3.3)
UPGRADED plugins/pipeline-model-api.jpi : Image version (1.2.9) is newer than installed version (1.2.4)
UPGRADED plugins/blueocean-github-pipeline.jpi : Image version (1.5.0) is newer than installed version (1.3.3)
INSTALLED plugins/blueocean-core-js.jpi : 1.5.0
UPGRADED plugins/blueocean-autofavorite.jpi : Image version (1.2.2) is newer than installed version (1.1.0)
UPGRADED plugins/blueocean-jira.jpi : Image version (1.5.0) is newer than installed version (1.3.3)
UPGRADED plugins/mercurial.jpi : Image version (2.3) is newer than installed version (2.2)
UPGRADED plugins/workflow-multibranch.jpi : Image version (2.19) is newer than installed version (2.16)
UPGRADED plugins/blueocean-pipeline-api-impl.jpi : Image version (1.5.0) is newer than installed version (1.3.3)
UPGRADED plugins/workflow-basic-steps.jpi : Image version (2.7) is newer than installed version (2.6)
UPGRADED plugins/github-branch-source.jpi : Image version (2.3.4) is newer than installed version (2.3.1)
UPGRADED plugins/workflow-support.jpi : Image version (2.18) is newer than installed version (2.16)
UPGRADED plugins/docker-workflow.jpi : Image version (1.17) is newer than installed version (1.14)
UPGRADED plugins/blueocean-rest.jpi : Image version (1.5.0) is newer than installed version (1.3.3)
